<?xml version="1.0" encoding="UTF-8"?>
<!-- Generated by org.testng.reporters.JUnitReportReporter -->
<testsuite hostname="MAINHOMEPC" name="TestNgFiles.DependencyAnnot" tests="2" failures="0" timestamp="25 Mar 2016 23:47:59 GMT" time="0.008" errors="0">
  <testcase name="openingBrowser" time="0.007" classname="TestNgFiles.DependencyAnnot"/>
  <testcase name="flightBooking" time="0.001" classname="TestNgFiles.DependencyAnnot"/>
</testsuite> <!-- TestNgFiles.DependencyAnnot -->
