<?xml version="1.0" encoding="UTF-8"?>
<!-- Generated by org.testng.reporters.JUnitReportReporter -->
<testsuite hostname="MAINHOMEPC" name="LoginTest" tests="2" failures="0" timestamp="20 Mar 2016 03:12:06 GMT" time="11.061" errors="0">
  <testcase name="userLoginApp" time="4.983" classname="LoginTest"/>
  <testcase name="LoginApp" time="6.078" classname="LoginTest"/>
</testsuite> <!-- LoginTest -->
