<?xml version="1.0" encoding="UTF-8"?>
<!-- Generated by org.testng.reporters.JUnitReportReporter -->
<testsuite hostname="MAINHOMEPC" name="PageObjectUtil.PageObjectUtil" tests="1" failures="0" timestamp="20 Mar 2016 03:39:09 GMT" time="0.007" errors="0">
  <testcase name="setup" time="0.007" classname="PageObjectUtil.PageObjectUtil"/>
</testsuite> <!-- PageObjectUtil.PageObjectUtil -->
