<?xml version="1.0" encoding="UTF-8"?>
<!-- Generated by org.testng.reporters.JUnitReportReporter -->
<testsuite hostname="MAINHOMEPC" name="TestNgFiles.Annotations" tests="2" failures="0" timestamp="25 Mar 2016 23:47:50 GMT" time="0.004" errors="0">
  <testcase name="testCase1" time="0.003" classname="TestNgFiles.Annotations"/>
  <testcase name="testCase2" time="0.001" classname="TestNgFiles.Annotations"/>
</testsuite> <!-- TestNgFiles.Annotations -->
