<?xml version="1.0" encoding="UTF-8"?>
<!-- Generated by org.testng.reporters.JUnitReportReporter -->
<testsuite hostname="MAINHOMEPC" name="DataDriven.Annotations" tests="3" failures="0" timestamp="25 Mar 2016 23:44:59 GMT" time="0.004" errors="0">
  <testcase name="flightBooking" time="0.001" classname="DataDriven.Annotations"/>
  <testcase name="openingBrowser" time="0.000" classname="DataDriven.Annotations"/>
  <testcase name="closingBrowser" time="0.003" classname="DataDriven.Annotations"/>
</testsuite> <!-- DataDriven.Annotations -->
