<?xml version="1.0" encoding="UTF-8"?>
<!-- Generated by org.testng.reporters.JUnitReportReporter -->
<testsuite hostname="MAINHOMEPC" name="PageObjectTest.LoginTest" tests="3" failures="0" timestamp="17 Apr 2016 23:58:06 GMT" time="19.783" errors="0">
  <testcase name="bookFlight" time="7.176" classname="PageObjectTest.LoginTest"/>
  <testcase name="unsuccessfulLoginApp" time="5.751" classname="PageObjectTest.LoginTest"/>
  <testcase name="LoginApp" time="6.856" classname="PageObjectTest.LoginTest"/>
</testsuite> <!-- PageObjectTest.LoginTest -->
