<?xml version="1.0" encoding="UTF-8"?>
<!-- Generated by org.testng.reporters.JUnitReportReporter -->
<testsuite hostname="MAINHOMEPC" name="DataDriven.DataInput" tests="3" failures="0" timestamp="25 Mar 2016 23:45:08 GMT" time="0.008" errors="0">
  <testcase name="userIdGeneration" time="0.001" classname="DataDriven.DataInput"/>
  <testcase name="userIdGeneration" time="0.006" classname="DataDriven.DataInput"/>
  <testcase name="userIdGeneration" time="0.001" classname="DataDriven.DataInput"/>
</testsuite> <!-- DataDriven.DataInput -->
