<?xml version="1.0" encoding="UTF-8"?>
<!-- Generated by org.testng.reporters.JUnitReportReporter -->
<testsuite hostname="MAINHOMEPC" name="PageObjectTest.LoginTest" tests="3" failures="0" timestamp="6 Apr 2016 18:23:18 GMT" time="18.625" errors="0">
  <testcase name="unsuccessfulLoginApp" time="5.436" classname="PageObjectTest.LoginTest"/>
  <testcase name="LoginApp" time="6.990" classname="PageObjectTest.LoginTest"/>
  <testcase name="noPasswordLoginApp" time="6.199" classname="PageObjectTest.LoginTest"/>
</testsuite> <!-- PageObjectTest.LoginTest -->
