<?xml version="1.0" encoding="UTF-8"?>
<!-- Generated by org.testng.reporters.JUnitReportReporter -->
<testsuite hostname="MAINHOMEPC" name="DataDriven.ParameterizedTest1" tests="2" failures="0" timestamp="25 Mar 2016 23:52:42 GMT" time="0.011" errors="0">
  <testcase name="parameterTest" time="0.001" classname="DataDriven.ParameterizedTest1"/>
  <testcase name="flightBooking" time="0.010" classname="DataDriven.ParameterizedTest1"/>
</testsuite> <!-- DataDriven.ParameterizedTest1 -->
