<?xml version="1.0" encoding="UTF-8"?>
<!-- Generated by org.testng.reporters.JUnitReportReporter -->
<testsuite hostname="MAINHOMEPC" name="TestNgFiles.Annotations" tests="2" failures="0" timestamp="26 Mar 2016 16:53:40 GMT" time="0.001" errors="0">
  <testcase name="testCase2" time="0.001" classname="TestNgFiles.Annotations"/>
  <testcase name="testCase1" time="0.000" classname="TestNgFiles.Annotations"/>
</testsuite> <!-- TestNgFiles.Annotations -->
