<?xml version="1.0" encoding="UTF-8"?>
<!-- Generated by org.testng.reporters.JUnitReportReporter -->
<testsuite hostname="MAINHOMEPC" name="DataDriven.Annotations" tests="3" failures="0" timestamp="26 Mar 2016 16:53:40 GMT" time="0.001" errors="0">
  <testcase name="openingBrowser" time="0.000" classname="DataDriven.Annotations"/>
  <testcase name="closingBrowser" time="0.001" classname="DataDriven.Annotations"/>
  <testcase name="flightBooking" time="0.000" classname="DataDriven.Annotations"/>
</testsuite> <!-- DataDriven.Annotations -->
