<?xml version="1.0" encoding="UTF-8"?>
<!-- Generated by org.testng.reporters.JUnitReportReporter -->
<testsuite hostname="MAINHOMEPC" name="PageObjectTest.LoginTest" tests="3" failures="0" timestamp="18 Apr 2016 00:00:22 GMT" time="19.330" errors="0">
  <testcase name="bookFlight" time="7.773" classname="PageObjectTest.LoginTest"/>
  <testcase name="unsuccessfulLoginApp" time="5.231" classname="PageObjectTest.LoginTest"/>
  <testcase name="LoginApp" time="6.326" classname="PageObjectTest.LoginTest"/>
</testsuite> <!-- PageObjectTest.LoginTest -->
