<?xml version="1.0" encoding="UTF-8"?>
<!-- Generated by org.testng.reporters.JUnitReportReporter -->
<testsuite hostname="MAINHOMEPC" name="TestNgFiles.DependencyAnnot" tests="2" failures="0" timestamp="26 Mar 2016 16:53:40 GMT" time="0.000" errors="0">
  <testcase name="flightBooking" time="0.000" classname="TestNgFiles.DependencyAnnot"/>
  <testcase name="openingBrowser" time="0.000" classname="TestNgFiles.DependencyAnnot"/>
</testsuite> <!-- TestNgFiles.DependencyAnnot -->
