<?xml version="1.0" encoding="UTF-8"?>
<!-- Generated by org.testng.reporters.JUnitReportReporter -->
<testsuite hostname="MAINHOMEPC" name="DataDriven.DataInput" tests="3" failures="0" timestamp="18 Apr 2016 00:00:22 GMT" time="0.000" errors="0">
  <testcase name="userIdGeneration" time="0.000" classname="DataDriven.DataInput"/>
  <testcase name="userIdGeneration" time="0.000" classname="DataDriven.DataInput"/>
  <testcase name="userIdGeneration" time="0.000" classname="DataDriven.DataInput"/>
</testsuite> <!-- DataDriven.DataInput -->
