<?xml version="1.0" encoding="UTF-8"?>
<!-- Generated by org.testng.reporters.JUnitReportReporter -->
<testsuite hostname="MAINHOMEPC" name="PageObjectTest.LoginTest" tests="2" failures="0" timestamp="26 Mar 2016 16:53:40 GMT" time="12.244" errors="0">
  <testcase name="LoginApp" time="6.575" classname="PageObjectTest.LoginTest"/>
  <testcase name="userLoginApp" time="5.669" classname="PageObjectTest.LoginTest"/>
</testsuite> <!-- PageObjectTest.LoginTest -->
