<?xml version="1.0" encoding="UTF-8"?>
<!-- Generated by org.testng.reporters.JUnitReportReporter -->
<testsuite hostname="MAINHOMEPC" name="DataDriven.Annotations" tests="3" failures="0" timestamp="18 Apr 2016 00:00:22 GMT" time="0.002" errors="0">
  <testcase name="flightBooking" time="0.000" classname="DataDriven.Annotations"/>
  <testcase name="closingBrowser" time="0.001" classname="DataDriven.Annotations"/>
  <testcase name="openingBrowser" time="0.001" classname="DataDriven.Annotations"/>
</testsuite> <!-- DataDriven.Annotations -->
