<?xml version="1.0" encoding="UTF-8"?>
<!-- Generated by org.testng.reporters.JUnitReportReporter -->
<testsuite hostname="MAINHOMEPC" name="DataDriven.ParameterizedTest1" tests="2" failures="0" timestamp="26 Mar 2016 16:53:40 GMT" time="0.001" errors="0">
  <testcase name="flightBooking" time="0.000" classname="DataDriven.ParameterizedTest1"/>
  <testcase name="parameterTest" time="0.001" classname="DataDriven.ParameterizedTest1"/>
</testsuite> <!-- DataDriven.ParameterizedTest1 -->
