<?xml version="1.0" encoding="UTF-8"?>
<!-- Generated by org.testng.reporters.JUnitReportReporter -->
<testsuite hostname="MAINHOMEPC" name="DataDriven.ParameterizedTest1" tests="2" failures="0" timestamp="18 Apr 2016 00:00:22 GMT" time="0.000" errors="0">
  <testcase name="parameterTest" time="0.000" classname="DataDriven.ParameterizedTest1"/>
  <testcase name="flightBooking" time="0.000" classname="DataDriven.ParameterizedTest1"/>
</testsuite> <!-- DataDriven.ParameterizedTest1 -->
