<?xml version="1.0" encoding="UTF-8"?>
<!-- Generated by org.testng.reporters.JUnitReportReporter -->
<testsuite hostname="MAINHOMEPC" name="TestNgFiles.Annotations" tests="2" failures="0" timestamp="18 Apr 2016 00:00:22 GMT" time="0.000" errors="0">
  <testcase name="testCase2" time="0.000" classname="TestNgFiles.Annotations"/>
  <testcase name="testCase1" time="0.000" classname="TestNgFiles.Annotations"/>
</testsuite> <!-- TestNgFiles.Annotations -->
